<?xml version="1.0" encoding="UTF-8"?>
<testng-results skipped="0" failed="0" ignored="0" total="2" passed="2">
  <reporter-output>
  </reporter-output>
  <suite name="Suite" duration-ms="29628" started-at="2022-09-19T10:37:32 IST" finished-at="2022-09-19T10:38:01 IST">
    <groups>
      <group name="Smoke">
        <method signature="IndexPageTest.verifyLogo()[pri:0, instance:com.mystore.testcases.IndexPageTest@52525845]" name="verifyLogo" class="com.mystore.testcases.IndexPageTest"/>
        <method signature="IndexPageTest.verifyTitle()[pri:0, instance:com.mystore.testcases.IndexPageTest@52525845]" name="verifyTitle" class="com.mystore.testcases.IndexPageTest"/>
      </group> <!-- Smoke -->
    </groups>
    <test name="Test_All" duration-ms="29628" started-at="2022-09-19T10:37:32 IST" finished-at="2022-09-19T10:38:01 IST">
      <class name="com.mystore.testcases.IndexPageTest">
        <test-method status="PASS" signature="loadConfig()[pri:0, instance:com.mystore.testcases.IndexPageTest@52525845]" name="loadConfig" is-config="true" duration-ms="189" started-at="2022-09-19T10:37:32 IST" finished-at="2022-09-19T10:37:32 IST">
          <reporter-output>
          </reporter-output>
        </test-method> <!-- loadConfig -->
        <test-method status="PASS" signature="setup(java.lang.String)[pri:0, instance:com.mystore.testcases.IndexPageTest@52525845]" name="setup" is-config="true" duration-ms="14734" started-at="2022-09-19T10:37:32 IST" finished-at="2022-09-19T10:37:47 IST">
          <params>
            <param index="0">
              <value>
                <![CDATA[browser]]>
              </value>
            </param>
          </params>
          <reporter-output>
          </reporter-output>
        </test-method> <!-- setup -->
        <test-method status="PASS" signature="verifyLogo()[pri:0, instance:com.mystore.testcases.IndexPageTest@52525845]" name="verifyLogo" duration-ms="295" started-at="2022-09-19T10:37:47 IST" finished-at="2022-09-19T10:37:47 IST">
          <reporter-output>
          </reporter-output>
        </test-method> <!-- verifyLogo -->
        <test-method status="PASS" signature="tearDown()[pri:0, instance:com.mystore.testcases.IndexPageTest@52525845]" name="tearDown" is-config="true" duration-ms="707" started-at="2022-09-19T10:37:47 IST" finished-at="2022-09-19T10:37:48 IST">
          <reporter-output>
          </reporter-output>
        </test-method> <!-- tearDown -->
        <test-method status="PASS" signature="setup(java.lang.String)[pri:0, instance:com.mystore.testcases.IndexPageTest@52525845]" name="setup" is-config="true" duration-ms="13119" started-at="2022-09-19T10:37:48 IST" finished-at="2022-09-19T10:38:01 IST">
          <params>
            <param index="0">
              <value>
                <![CDATA[browser]]>
              </value>
            </param>
          </params>
          <reporter-output>
          </reporter-output>
        </test-method> <!-- setup -->
        <test-method status="PASS" signature="verifyTitle()[pri:0, instance:com.mystore.testcases.IndexPageTest@52525845]" name="verifyTitle" duration-ms="18" started-at="2022-09-19T10:38:01 IST" finished-at="2022-09-19T10:38:01 IST">
          <reporter-output>
          </reporter-output>
        </test-method> <!-- verifyTitle -->
        <test-method status="PASS" signature="tearDown()[pri:0, instance:com.mystore.testcases.IndexPageTest@52525845]" name="tearDown" is-config="true" duration-ms="702" started-at="2022-09-19T10:38:01 IST" finished-at="2022-09-19T10:38:01 IST">
          <reporter-output>
          </reporter-output>
        </test-method> <!-- tearDown -->
        <test-method status="PASS" signature="afterSuite()[pri:0, instance:com.mystore.testcases.IndexPageTest@52525845]" name="afterSuite" is-config="true" duration-ms="451" started-at="2022-09-19T10:38:01 IST" finished-at="2022-09-19T10:38:02 IST">
          <reporter-output>
          </reporter-output>
        </test-method> <!-- afterSuite -->
      </class> <!-- com.mystore.testcases.IndexPageTest -->
    </test> <!-- Test_All -->
  </suite> <!-- Suite -->
</testng-results>
